3

S	0	_	_	->	S)	0 >	_ ^	_ ^
S	1	_	_	->	S)	1 >	_ ^	_ ^
S	(	_	_	->	S)	( >	_ ^	_ ^

S)	0	_	_	->	S)	0 >	_ ^	_ ^
S)	1	_	_	->	S)	1 >	_ ^	_ ^
S)	(	_	_	->	S)	( >	_ ^	_ ^
S)	)	_	_	->	S)	) >	_ ^	_ ^
S)	a	_	_	->	S)	a >	_ ^	_ ^
S)	o	_	_	->	S)	o >	_ ^	_ ^
S)	_	_	_	->	S(	) <	_ ^	_ ^

S(	(	_	_	->	S(	( <	_ ^	_ ^
S(	)	_	_	->	S(	) <	_ ^	_ ^
S(	0	_	_	->	S(	0 <	_ ^	_ ^
S(	1	_	_	->	S(	1 <	_ ^	_ ^
S(	a	_	_	->	S(	a <	_ ^	_ ^
S(	o	_	_	->	S(	o <	_ ^	_ ^
S(	_	_	_	->	ST	( ^	_ ^	_ ^


ST	0	_	_	->	ST	_ >	_ ^	0 >
ST	1	_	_	->	ST	_ >	_ ^	1 >
ST	(	_	_	->	ST	_ >	( >	_ ^


ST	a	_	_	->	PA	a <	_ <	_ ^
PA	_	(	_	->	ARET	_ >	( >	_ ^
PA	_	o	_	->	ARET	_ >	o >	_ ^
PA	_	a	_	->	CA	_ ^	a ^	_ <

CA	_	a	0	->	CA0	_ ^	a ^	_ <
CA	_	a	1	->	CA1	_ ^	a ^	_ <
CA0	_	a	0	->	ARET	_ >	_ ^	0 >
CA0	_	a	1	->	ARET	_ >	_ ^	0 >
CA1	_	a	0	->	ARET	_ >	_ ^	0 >
CA1	_	a	1	->	ARET	_ >	_ ^	1 >

ARET	a	_	_	->	ST	_ >	a >	_ ^
ARET	o	_	_	->	PO	o <	_ <	_ ^
ARET	)	_	_	->	PO	) <	_ <	_ ^


ST	o	_	_	->	PA	o <	_ <	_ ^
PO	_	(	_	->	ORET	_ >	( >	_ ^
PO	_	o	_	->	CO	_ ^	o ^	_ <

CO	_	o	0	->	CO0	_ ^	o ^	_ <
CO	_	o	1	->	CO1	_ ^	o ^	_ <
CO0	_	o	0	->	ORET	_ >	_ ^	0 >
CO0	_	o	1	->	ORET	_ >	_ ^	1 >
CO1	_	o	0	->	ORET	_ >	_ ^	1 >
CO1	_	o	1	->	ORET	_ >	_ ^	1 >

ORET	o	_	_	->	ST	_ >	o >	_ ^
ORET	)	_	_	->	P)	) <	_ <	_ ^

ST	)	_	_	->	PA	) <	_ <	_ ^
P)	_	(	_	->	C)	_ ^	( ^	_ <
C)	_	(	0	->	)RET	_ >	_ ^	0 >
C)	_	(	1	->	)RET	_ >	_ ^	1 >

)RET	)	_	_	->	ST	_ >	_ ^	_ ^

ST	_	_	_	->	POP	_ ^	_ ^	_ <
POP	_	_	0	->	AC	0 ^	_ ^	_ ^
POP	_	_	1	->	AC	1 ^	_ ^	_ ^
